<?xml version="1.0" encoding="utf-8"?><testsuites name="pytest tests"><testsuite name="pytest" errors="0" failures="0" skipped="0" tests="21" time="9.890" timestamp="2026-03-07T22:10:39.712075+00:00" hostname="agent-env-beaaaeff-ec17-4d72-9555-08e2e65762c1"><testcase classname="backend.tests.test_beta_features.TestSystemStatus" name="test_api_healthy" time="3.905" /><testcase classname="backend.tests.test_beta_features.TestSystemStatus" name="test_translation_worker_enabled" time="0.264" /><testcase classname="backend.tests.test_beta_features.TestDataPersistence" name="test_books_exist_in_library" time="0.109" /><testcase classname="backend.tests.test_beta_features.TestDataPersistence" name="test_book_has_chapters" time="0.202" /><testcase classname="backend.tests.test_beta_features.TestChapterStructure" name="test_chapter_numbering_starts_at_one" time="0.404" /><testcase classname="backend.tests.test_beta_features.TestChapterStructure" name="test_chapter_ids_are_correct" time="0.349" /><testcase classname="backend.tests.test_beta_features.TestChapterStructure" name="test_chapters_have_sentences" time="0.390" /><testcase classname="backend.tests.test_beta_features.TestReaderPerformance" name="test_sentences_load_instantly" time="0.351" /><testcase classname="backend.tests.test_beta_features.TestReaderPerformance" name="test_sentences_have_content" time="0.314" /><testcase classname="backend.tests.test_beta_features.TestPagination" name="test_pagination_works" time="0.498" /><testcase classname="backend.tests.test_beta_features.TestSearchFeatures" name="test_gutenberg_search_works" time="1.377" /><testcase classname="backend.tests.test_beta_features.TestSearchFeatures" name="test_aozora_search_works" time="0.097" /><testcase classname="backend.tests.test_beta_features.TestSearchFeatures" name="test_gutenberg_search_empty_query_rejected" time="0.081" /><testcase classname="backend.tests.test_beta_features.TestBookImport" name="test_available_books_list" time="0.092" /><testcase classname="backend.tests.test_beta_features.TestBookImport" name="test_book_sources_endpoint" time="0.080" /><testcase classname="backend.tests.test_beta_features.TestDeleteBook" name="test_delete_book_requires_auth" time="0.074" /><testcase classname="backend.tests.test_beta_features.TestDeleteBook" name="test_delete_nonexistent_book" time="0.431" /><testcase classname="backend.tests.test_beta_features.TestBookDetails" name="test_book_status_endpoint" time="0.168" /><testcase classname="backend.tests.test_beta_features.TestBookDetails" name="test_get_single_book" time="0.175" /><testcase classname="backend.tests.test_beta_features.TestAuthentication" name="test_login_works" time="0.314" /><testcase classname="backend.tests.test_beta_features.TestAuthentication" name="test_invalid_login_rejected" time="0.081" /></testsuite></testsuites>